<?xml version="1.0" encoding="UTF-8"?>
<testng-results ignored="0" total="2" passed="2" failed="0" skipped="0">
  <reporter-output>
  </reporter-output>
  <suite started-at="2021-05-04T21:26:47 IST" name="Default suite" finished-at="2021-05-04T21:26:47 IST" duration-ms="97">
    <groups>
    </groups>
    <test started-at="2021-05-04T21:26:47 IST" name="Default test" finished-at="2021-05-04T21:26:47 IST" duration-ms="97">
      <class name="TestNgfirst.Firstproject">
        <test-method signature="login()[pri:0, instance:TestNgfirst.Firstproject@5bfa9431]" started-at="2021-05-04T21:26:47 IST" name="login" finished-at="2021-05-04T21:26:47 IST" duration-ms="17" status="PASS">
          <reporter-output>
          </reporter-output>
        </test-method> <!-- login -->
        <test-method signature="loginpage()[pri:0, instance:TestNgfirst.Firstproject@5bfa9431]" started-at="2021-05-04T21:26:47 IST" name="loginpage" finished-at="2021-05-04T21:26:47 IST" duration-ms="3" status="PASS">
          <reporter-output>
          </reporter-output>
        </test-method> <!-- loginpage -->
      </class> <!-- TestNgfirst.Firstproject -->
    </test> <!-- Default test -->
  </suite> <!-- Default suite -->
</testng-results>
